[LOG] 2025-06-28 10:31:34 - ::1 - GET /
[LOG] 2025-06-28 10:31:34 - ::1 - GET /Account/Login
[LOG] 2025-06-28 10:31:34 - ::1 - GET /css/dosyalar.css
[LOG] 2025-06-28 10:31:34 - ::1 - GET /css/login.css
[LOG] 2025-06-28 10:31:36 - ::1 - POST /Account/Login
[LOG] 2025-06-28 10:31:38 - ::1 - GET /
[LOG] 2025-06-28 10:31:38 - ::1 - GET /css/dosyalar.css
[LOG] 2025-06-28 10:31:40 - ::1 - GET /Dosyalar/Yukle
[LOG] 2025-06-28 10:31:40 - ::1 - GET /css/kullanicilar.css
[LOG] 2025-06-28 10:31:40 - ::1 - GET /css/dosyalar.css
[LOG] 2025-06-28 10:31:48 - ::1 - POST /Dosyalar/Yukle
[LOG] 2025-06-28 10:31:49 - ::1 - POST /Dosyalar/Yukle
[LOG] 2025-06-28 10:31:52 - ::1 - GET /css/kullanicilar.css
[LOG] 2025-06-28 10:31:52 - ::1 - GET /css/dosyalar.css
[LOG] 2025-06-28 10:31:58 - ::1 - GET /Dosyalar/PdfCikar
[LOG] 2025-06-28 10:33:27 - ::1 - GET /
[LOG] 2025-06-28 10:33:27 - ::1 - GET /css/kullanicilar.css
[LOG] 2025-06-28 10:33:27 - ::1 - GET /css/dosyalar.css
[LOG] 2025-06-28 10:33:29 - ::1 - GET /Home/Privacy
[LOG] 2025-06-28 10:33:29 - ::1 - GET /css/kullanicilar.css
[LOG] 2025-06-28 10:33:29 - ::1 - GET /css/dosyalar.css
[LOG] 2025-06-28 10:33:33 - ::1 - GET /Account/Register
[LOG] 2025-06-28 10:33:33 - ::1 - GET /css/kullanicilar.css
[LOG] 2025-06-28 10:33:33 - ::1 - GET /css/dosyalar.css
[LOG] 2025-06-28 10:33:35 - ::1 - GET /Dosyalar/Yukle
[LOG] 2025-06-28 10:33:35 - ::1 - GET /css/kullanicilar.css
[LOG] 2025-06-28 10:33:37 - ::1 - GET /
[LOG] 2025-06-28 10:33:37 - ::1 - GET /css/kullanicilar.css
[LOG] 2025-06-28 10:33:37 - ::1 - GET /css/dosyalar.css
[LOG] 2025-06-28 11:01:43 - ::1 - GET /
[LOG] 2025-06-28 11:01:43 - ::1 - GET /Account/Login
[LOG] 2025-06-28 11:01:43 - ::1 - GET /css/kullanicilar.css
[LOG] 2025-06-28 11:01:43 - ::1 - GET /css/login.css
[LOG] 2025-06-28 11:01:59 - ::1 - POST /Account/Login
[LOG] 2025-06-28 11:02:00 - ::1 - GET /
[LOG] 2025-06-28 11:02:00 - ::1 - GET /css/dosyalar.css
[LOG] 2025-06-28 11:17:03 - ::1 - GET /
[LOG] 2025-06-28 11:17:04 - ::1 - GET /css/kullanicilar.css
[LOG] 2025-06-28 11:17:04 - ::1 - GET /favicon.ico
[LOG] 2025-06-28 11:17:12 - ::1 - GET /Home/Privacy
[LOG] 2025-06-28 11:17:12 - ::1 - GET /css/kullanicilar.css
[LOG] 2025-06-28 11:17:12 - ::1 - GET /css/dosyalar.css
[LOG] 2025-06-28 11:18:06 - ::1 - GET /css/dosyalar.css
[LOG] 2025-06-28 11:18:06 - ::1 - GET /.well-known/appspecific/com.chrome.devtools.json
[LOG] 2025-06-28 11:52:56 - ::1 - GET /
[LOG] 2025-06-28 11:52:57 - ::1 - GET /css/kullanicilar.css
[LOG] 2025-06-28 11:52:57 - ::1 - GET /css/dosyalar.css
[LOG] 2025-06-28 11:52:59 - ::1 - GET /
[LOG] 2025-06-28 11:52:59 - ::1 - GET /css/kullanicilar.css
[LOG] 2025-06-28 11:52:59 - ::1 - GET /css/dosyalar.css
[LOG] 2025-06-28 11:52:59 - ::1 - GET /
[LOG] 2025-06-28 11:52:59 - ::1 - GET /css/kullanicilar.css
[LOG] 2025-06-28 11:52:59 - ::1 - GET /css/dosyalar.css
[LOG] 2025-06-28 11:53:03 - ::1 - GET /
[LOG] 2025-06-28 11:53:03 - ::1 - GET /css/kullanicilar.css
[LOG] 2025-06-28 11:53:06 - ::1 - POST /Account/Logout
[LOG] 2025-06-28 11:53:06 - ::1 - GET /Account/Login
[LOG] 2025-06-28 11:53:06 - ::1 - GET /css/kullanicilar.css
[LOG] 2025-06-28 11:53:06 - ::1 - GET /css/login.css
[LOG] 2025-06-28 11:53:08 - ::1 - POST /Account/Login
[LOG] 2025-06-28 11:53:08 - ::1 - GET /
[LOG] 2025-06-28 11:53:08 - ::1 - GET /css/kullanicilar.css
[LOG] 2025-06-28 11:53:08 - ::1 - GET /css/dosyalar.css
[LOG] 2025-06-28 11:54:34 - ::1 - GET /
[LOG] 2025-06-28 11:54:35 - ::1 - GET /
[LOG] 2025-06-28 11:55:58 - ::1 - GET /
[LOG] 2025-06-28 11:55:58 - ::1 - GET /
[LOG] 2025-06-28 12:01:09 - ::1 - GET /
[LOG] 2025-06-28 12:01:10 - ::1 - GET /css/kullanicilar.css
[LOG] 2025-06-28 12:01:10 - ::1 - GET /css/dosyalar.css
[LOG] 2025-06-28 12:01:16 - ::1 - GET /
[LOG] 2025-06-28 12:01:16 - ::1 - GET /css/kullanicilar.css
[LOG] 2025-06-28 12:01:20 - ::1 - POST /Account/Logout
[LOG] 2025-06-28 12:01:20 - ::1 - GET /Account/Login
[LOG] 2025-06-28 12:01:20 - ::1 - GET /css/kullanicilar.css
[LOG] 2025-06-28 12:01:20 - ::1 - GET /css/dosyalar.css
[LOG] 2025-06-28 12:01:20 - ::1 - GET /css/login.css
[LOG] 2025-06-28 12:01:21 - ::1 - POST /Account/Login
[LOG] 2025-06-28 12:01:21 - ::1 - GET /
[LOG] 2025-06-28 12:01:21 - ::1 - GET /css/dosyalar.css
[LOG] 2025-06-28 12:01:22 - ::1 - GET /
[LOG] 2025-06-28 12:01:22 - ::1 - GET /css/kullanicilar.css
[LOG] 2025-06-28 12:01:22 - ::1 - GET /css/dosyalar.css
[LOG] 2025-06-28 12:01:23 - ::1 - GET /
[LOG] 2025-06-28 12:01:23 - ::1 - GET /css/kullanicilar.css
[LOG] 2025-06-28 12:01:23 - ::1 - GET /css/dosyalar.css
[LOG] 2025-06-28 12:08:43 - ::1 - GET /
[LOG] 2025-06-28 12:08:43 - ::1 - GET /css/kullanicilar.css
[LOG] 2025-06-28 12:08:43 - ::1 - GET /css/dosyalar.css
[LOG] 2025-06-28 13:47:59 - ::1 - GET /
[LOG] 2025-06-28 13:48:00 - ::1 - GET /css/site.css
[LOG] 2025-06-28 13:48:00 - ::1 - GET /css/dosyalar.css
[LOG] 2025-06-28 13:48:02 - ::1 - GET /
[LOG] 2025-06-28 13:48:02 - ::1 - GET /Site.styles.css
[LOG] 2025-06-28 13:48:02 - ::1 - GET /css/dosyalar.css
[LOG] 2025-06-28 13:48:03 - ::1 - GET /Account/Logout
[LOG] 2025-06-28 13:48:03 - ::1 - GET /Account/Login
[LOG] 2025-06-28 13:48:03 - ::1 - GET /css/kullanicilar.css
[LOG] 2025-06-28 13:48:03 - ::1 - GET /css/login.css
[LOG] 2025-06-28 13:48:03 - ::1 - GET /css/dosyalar.css
[LOG] 2025-06-28 13:48:04 - ::1 - POST /Account/Login
[LOG] 2025-06-28 13:48:04 - ::1 - GET /
[LOG] 2025-06-28 13:48:04 - ::1 - GET /css/dosyalar.css
[LOG] 2025-06-28 14:11:13 - ::1 - GET /
[LOG] 2025-06-28 14:11:14 - ::1 - GET /css/dosyalar.css
[LOG] 2025-06-28 14:11:15 - ::1 - GET /
[LOG] 2025-06-28 14:11:15 - ::1 - GET /css/kullanicilar.css
[LOG] 2025-06-28 14:11:15 - ::1 - GET /css/dosyalar.css
[LOG] 2025-06-28 14:11:16 - ::1 - GET /Account/Logout
[LOG] 2025-06-28 14:11:16 - ::1 - GET /Account/Login
[LOG] 2025-06-28 14:11:16 - ::1 - GET /css/kullanicilar.css
[LOG] 2025-06-28 14:11:16 - ::1 - GET /css/dosyalar.css
[LOG] 2025-06-28 14:11:18 - ::1 - POST /Account/Login
[LOG] 2025-06-28 14:11:18 - ::1 - GET /
[LOG] 2025-06-28 14:11:18 - ::1 - GET /css/kullanicilar.css
[LOG] 2025-06-28 14:15:35 - ::1 - GET /
[LOG] 2025-06-28 14:15:36 - ::1 - GET /css/dosyalar.css
[LOG] 2025-06-28 14:15:39 - ::1 - POST /Account/Logout
[LOG] 2025-06-28 14:15:39 - ::1 - GET /Account/Login
[LOG] 2025-06-28 14:15:39 - ::1 - GET /css/kullanicilar.css
[LOG] 2025-06-28 14:15:39 - ::1 - GET /css/dosyalar.css
[LOG] 2025-06-28 14:15:40 - ::1 - POST /Account/Login
[LOG] 2025-06-28 14:15:40 - ::1 - GET /
[LOG] 2025-06-28 14:15:40 - ::1 - GET /css/kullanicilar.css
[LOG] 2025-06-28 14:15:40 - ::1 - GET /css/dosyalar.css
[LOG] 2025-06-28 14:20:01 - ::1 - GET /
[LOG] 2025-06-28 14:20:02 - ::1 - GET /css/kullanicilar.css
[LOG] 2025-06-28 14:20:02 - ::1 - GET /css/dosyalar.css
[LOG] 2025-06-28 14:20:09 - ::1 - GET /Account/Logout
[LOG] 2025-06-28 14:20:09 - ::1 - GET /Account/Login
[LOG] 2025-06-28 14:20:09 - ::1 - GET /css/kullanicilar.css
[LOG] 2025-06-28 14:20:09 - ::1 - GET /css/login.css
[LOG] 2025-06-28 14:20:10 - ::1 - POST /Account/Login
[LOG] 2025-06-28 14:20:11 - ::1 - GET /
[LOG] 2025-06-28 14:20:11 - ::1 - GET /css/kullanicilar.css
[LOG] 2025-06-28 14:20:11 - ::1 - GET /css/dosyalar.css
[LOG] 2025-06-28 14:20:17 - ::1 - GET /css/dosyalar.css
[LOG] 2025-06-28 14:20:17 - ::1 - GET /.well-known/appspecific/com.chrome.devtools.json
[LOG] 2025-06-28 14:26:59 - ::1 - GET /
[LOG] 2025-06-28 14:27:00 - ::1 - GET /css/dosyalar.css
[LOG] 2025-06-28 14:30:30 - ::1 - GET /
[LOG] 2025-06-28 14:30:31 - ::1 - GET /css/kullanicilar.css
[LOG] 2025-06-28 14:30:55 - ::1 - GET /
[LOG] 2025-06-28 14:30:55 - ::1 - GET /css/dosyalar.css
[LOG] 2025-06-28 14:32:26 - ::1 - GET /
[LOG] 2025-06-28 14:32:27 - ::1 - GET /css/kullanicilar.css
[LOG] 2025-06-28 14:32:30 - ::1 - GET /
[LOG] 2025-06-28 14:32:30 - ::1 - GET /css/kullanicilar.css
[LOG] 2025-06-28 14:33:38 - ::1 - GET /
[LOG] 2025-06-28 14:33:39 - ::1 - GET /css/kullanicilar.css
[LOG] 2025-06-28 14:33:39 - ::1 - GET /css/dosyalar.css
[LOG] 2025-06-28 14:33:42 - ::1 - GET /Account/Logout
[LOG] 2025-06-28 14:33:42 - ::1 - GET /Account/Login
[LOG] 2025-06-28 14:33:42 - ::1 - GET /css/kullanicilar.css
[LOG] 2025-06-28 14:33:42 - ::1 - GET /css/login.css
[LOG] 2025-06-28 14:33:43 - ::1 - POST /Account/Login
[LOG] 2025-06-28 14:33:44 - ::1 - GET /
[LOG] 2025-06-28 14:33:44 - ::1 - GET /css/kullanicilar.css
[LOG] 2025-06-28 14:33:44 - ::1 - GET /css/dosyalar.css
[LOG] 2025-06-28 14:42:13 - ::1 - GET /
[LOG] 2025-06-28 14:42:14 - ::1 - GET /css/kullanicilar.css
[LOG] 2025-06-28 15:09:23 - ::1 - GET /
[LOG] 2025-06-28 15:09:23 - ::1 - GET /css/kullanicilar.css
[LOG] 2025-06-28 15:09:23 - ::1 - GET /css/dosyalar.css
[LOG] 2025-06-30 09:16:20 - ::1 - GET /
[LOG] 2025-06-30 09:16:21 - ::1 - GET /Account/Login
[LOG] 2025-06-30 09:16:21 - ::1 - GET /css/site.css
[LOG] 2025-06-30 09:16:21 - ::1 - GET /Site.styles.css
[LOG] 2025-06-30 09:16:21 - ::1 - GET /css/kullanicilar.css
[LOG] 2025-06-30 09:16:21 - ::1 - GET /css/login.css
[LOG] 2025-06-30 09:16:21 - ::1 - GET /js/site.js
[LOG] 2025-06-30 09:16:27 - ::1 - GET /Dosyalar/Yukle
[LOG] 2025-06-30 09:16:28 - ::1 - GET /css/kullanicilar.css
[LOG] 2025-06-30 09:16:28 - ::1 - GET /lib/jquery/dist/jquery.min.js
[LOG] 2025-06-30 09:16:37 - ::1 - POST /Dosyalar/Sil
[LOG] 2025-06-30 09:16:37 - ::1 - GET /css/kullanicilar.css
[LOG] 2025-06-30 09:16:41 - ::1 - POST /Dosyalar/Sil
[LOG] 2025-06-30 09:16:41 - ::1 - GET /css/kullanicilar.css
[LOG] 2025-06-30 09:16:41 - ::1 - GET /css/dosyalar.css
[LOG] 2025-06-30 09:16:43 - ::1 - POST /Dosyalar/Sil
[LOG] 2025-06-30 09:16:43 - ::1 - GET /css/dosyalar.css
[LOG] 2025-06-30 09:16:45 - ::1 - POST /Dosyalar/Sil
[LOG] 2025-06-30 09:16:45 - ::1 - GET /css/kullanicilar.css
[LOG] 2025-06-30 09:16:45 - ::1 - GET /css/dosyalar.css
[LOG] 2025-06-30 09:16:49 - ::1 - POST /Dosyalar/Sil
[LOG] 2025-06-30 09:16:49 - ::1 - GET /css/kullanicilar.css
[LOG] 2025-06-30 09:16:49 - ::1 - GET /css/dosyalar.css
[LOG] 2025-06-30 09:16:55 - ::1 - POST /Dosyalar/Sil
[LOG] 2025-06-30 09:16:55 - ::1 - GET /css/dosyalar.css
[LOG] 2025-06-30 09:17:06 - ::1 - GET /Home/Privacy
[LOG] 2025-06-30 09:17:06 - ::1 - GET /Account/Login
[LOG] 2025-06-30 09:17:06 - ::1 - GET /css/kullanicilar.css
[LOG] 2025-06-30 09:17:06 - ::1 - GET /css/login.css
[LOG] 2025-06-30 09:17:07 - ::1 - GET /Home/Privacy
[LOG] 2025-06-30 09:17:07 - ::1 - GET /Account/Login
[LOG] 2025-06-30 09:17:07 - ::1 - GET /css/kullanicilar.css
[LOG] 2025-06-30 09:17:07 - ::1 - GET /css/dosyalar.css
[LOG] 2025-06-30 09:17:08 - ::1 - POST /Account/Login
[LOG] 2025-06-30 09:17:08 - ::1 - GET /
[LOG] 2025-06-30 09:17:09 - ::1 - GET /css/kullanicilar.css
[LOG] 2025-06-30 09:17:09 - ::1 - GET /css/dosyalar.css
[LOG] 2025-06-30 09:17:10 - ::1 - GET /
[LOG] 2025-06-30 09:17:10 - ::1 - GET /css/kullanicilar.css
[LOG] 2025-06-30 09:17:11 - ::1 - GET /Home/Privacy
[LOG] 2025-06-30 09:17:11 - ::1 - GET /css/kullanicilar.css
[LOG] 2025-06-30 09:17:11 - ::1 - GET /css/dosyalar.css
